


ARM Macro Assembler    Page 1 


    1 00000000         ;/******************************************************
                       ***********************/
    2 00000000         ; OSasm.s: low-level OS commands, written in assembly   
                                           */
    3 00000000         ; Runs on LM4F120/TM4C123/MSP432
    4 00000000         ; Lab 3 starter file
    5 00000000         ; March 2, 2016
    6 00000000         
    7 00000000         
    8 00000000         
    9 00000000         
   10 00000000                 AREA             |.text|, CODE, READONLY, ALIGN=
2
   11 00000000                 THUMB
   12 00000000                 REQUIRE8
   13 00000000                 PRESERVE8
   14 00000000         
   15 00000000                 EXTERN           RunPt       ; currently running
                                                             thread
   16 00000000                 EXPORT           StartOS
   17 00000000                 EXPORT           SysTick_Handler
   18 00000000                 IMPORT           Scheduler
   19 00000000         
   20 00000000         
   21 00000000         SysTick_Handler                      ; 1) Saves R0-R3,R1
                                                            2,LR,PC,PSR
   22 00000000 B672            CPSID            I           ; 2) Prevent interr
                                                            upt during switch
   23 00000002         ;YOU IMPLEMENT THIS (same as Lab 2)
   24 00000002 B662            CPSIE            I           ; 9) tasks run with
                                                             interrupts enabled
                                                            
   25 00000004 4770            BX               LR          ; 10) restore R0-R3
                                                            ,R12,LR,PC,PSR
   26 00000006         
   27 00000006         StartOS
   28 00000006         ;YOU IMPLEMENT THIS (same as Lab 2)
   29 00000006         
   30 00000006 B662            CPSIE            I           ; Enable interrupts
                                                             at processor level
                                                            
   31 00000008 4770            BX               LR          ; start first threa
                                                            d
   32 0000000A         
   33 0000000A 00 00           ALIGN
   34 0000000C                 END
Command Line: --debug --xref --diag_suppress=9931 --cpu=Cortex-M4 --apcs=interw
ork --depend=.\objects\osasm.d -o.\objects\osasm.o -I.\RTE\_Target -IC:\Users\C
alvin\AppData\Local\Arm\Packs\ARM\CMSIS\5.5.1\CMSIS\Core\Include -IC:\Users\Cal
vin\AppData\Local\Arm\Packs\Keil\TM4C_DFP\1.1.0\Device\Include\TM4C123 --predef
ine="__EVAL SETA 1" --predefine="__UVISION_VERSION SETA 528" --predefine="_RTE_
 SETA 1" --predefine="TM4C123GH6PM SETA 1" --list=.\listings\osasm.lst osasm.s



ARM Macro Assembler    Page 1 Alphabetic symbol ordering
Relocatable symbols

.text 00000000

Symbol: .text
   Definitions
      At line 10 in file osasm.s
   Uses
      None
Comment: .text unused
StartOS 00000006

Symbol: StartOS
   Definitions
      At line 27 in file osasm.s
   Uses
      At line 16 in file osasm.s
Comment: StartOS used once
SysTick_Handler 00000000

Symbol: SysTick_Handler
   Definitions
      At line 21 in file osasm.s
   Uses
      At line 17 in file osasm.s
Comment: SysTick_Handler used once
3 symbols



ARM Macro Assembler    Page 1 Alphabetic symbol ordering
External symbols

RunPt 00000000

Symbol: RunPt
   Definitions
      At line 15 in file osasm.s
   Uses
      None
Comment: RunPt unused
Scheduler 00000000

Symbol: Scheduler
   Definitions
      At line 18 in file osasm.s
   Uses
      None
Comment: Scheduler unused
2 symbols
339 symbols in table
